<?xml version="1.0" encoding="UTF-8"?>
<testsuite name="com.cleancoders.rabbitmqpubsub.controller.EmployeeControllerTest" tests="4" skipped="0" failures="0" errors="0" timestamp="2026-04-26T22:31:03.466Z" hostname="SANDIP-PC01" time="4.227">
  <properties/>
  <testcase name="createEmployee_returns201WithBody()" classname="com.cleancoders.rabbitmqpubsub.controller.EmployeeControllerTest" time="2.301"/>
  <testcase name="createEmployee_publishesEmployeeCreatedEvent()" classname="com.cleancoders.rabbitmqpubsub.controller.EmployeeControllerTest" time="0.115"/>
  <testcase name="createEmployee_returns400WhenNameIsBlank()" classname="com.cleancoders.rabbitmqpubsub.controller.EmployeeControllerTest" time="0.071"/>
  <testcase name="createEmployee_returns400WhenEmailIsInvalid()" classname="com.cleancoders.rabbitmqpubsub.controller.EmployeeControllerTest" time="0.031"/>
  <system-out><![CDATA[2026-04-26T17:31:03.490-05:00  INFO 8108 --- [rabbitmq-pubsub] [    Test worker] t.c.s.AnnotationConfigContextLoaderUtils : Could not detect default configuration classes for test class [com.cleancoders.rabbitmqpubsub.controller.EmployeeControllerTest]: EmployeeControllerTest does not declare any static, non-private, non-final, nested classes annotated with @Configuration.
2026-04-26T17:31:03.649-05:00  INFO 8108 --- [rabbitmq-pubsub] [    Test worker] .b.t.c.SpringBootTestContextBootstrapper : Found @SpringBootConfiguration com.cleancoders.rabbitmqpubsub.RabbitmqPubsubApplication for test class com.cleancoders.rabbitmqpubsub.controller.EmployeeControllerTest
2026-04-26T17:31:03.654-05:00  INFO 8108 --- [rabbitmq-pubsub] [    Test worker] t.c.s.AnnotationConfigContextLoaderUtils : Could not detect default configuration classes for test class [com.cleancoders.rabbitmqpubsub.controller.EmployeeControllerTest]: EmployeeControllerTest does not declare any static, non-private, non-final, nested classes annotated with @Configuration.
2026-04-26T17:31:03.687-05:00  INFO 8108 --- [rabbitmq-pubsub] [    Test worker] .b.t.c.SpringBootTestContextBootstrapper : Found @SpringBootConfiguration com.cleancoders.rabbitmqpubsub.RabbitmqPubsubApplication for test class com.cleancoders.rabbitmqpubsub.controller.EmployeeControllerTest
2026-04-26T17:31:03.718-05:00  INFO 8108 --- [rabbitmq-pubsub] [ntContainer#0-2] o.s.a.r.l.SimpleMessageListenerContainer : Waiting for workers to finish.
2026-04-26T17:31:03.719-05:00  INFO 8108 --- [rabbitmq-pubsub] [ntContainer#1-2] o.s.a.r.l.SimpleMessageListenerContainer : Waiting for workers to finish.
2026-04-26T17:31:03.720-05:00  INFO 8108 --- [rabbitmq-pubsub] [ntContainer#0-2] o.s.a.r.l.SimpleMessageListenerContainer : Successfully waited for workers to finish.
2026-04-26T17:31:03.720-05:00  INFO 8108 --- [rabbitmq-pubsub] [ntContainer#1-2] o.s.a.r.l.SimpleMessageListenerContainer : Successfully waited for workers to finish.

  .   ____          _            __ _ _
 /\\ / ___'_ __ _ _(_)_ __  __ _ \ \ \ \
( ( )\___ | '_ | '_| | '_ \/ _` | \ \ \ \
 \\/  ___)| |_)| | | | | || (_| |  ) ) ) )
  '  |____| .__|_| |_|_| |_\__, | / / / /
 =========|_|==============|___/=/_/_/_/

 :: Spring Boot ::                (v4.0.5)

2026-04-26T17:31:03.892-05:00  INFO 8108 --- [rabbitmq-pubsub] [    Test worker] c.c.r.controller.EmployeeControllerTest  : Starting EmployeeControllerTest using Java 25.0.2 with PID 8108 (started by sandipsalunkhe in C:\Sandip-Data\code\repo\rabbitmq-pubsub)
2026-04-26T17:31:03.892-05:00 DEBUG 8108 --- [rabbitmq-pubsub] [    Test worker] c.c.r.controller.EmployeeControllerTest  : Running with Spring Boot v4.0.5, Spring v7.0.6
2026-04-26T17:31:03.894-05:00  INFO 8108 --- [rabbitmq-pubsub] [    Test worker] c.c.r.controller.EmployeeControllerTest  : No active profile set, falling back to 1 default profile: "default"
2026-04-26T17:31:05.033-05:00  INFO 8108 --- [rabbitmq-pubsub] [    Test worker] o.s.b.t.m.w.SpringBootMockServletContext : Initializing Spring TestDispatcherServlet ''
2026-04-26T17:31:05.035-05:00  INFO 8108 --- [rabbitmq-pubsub] [    Test worker] o.s.t.web.servlet.TestDispatcherServlet  : Initializing Servlet ''
2026-04-26T17:31:05.043-05:00  INFO 8108 --- [rabbitmq-pubsub] [    Test worker] o.s.t.web.servlet.TestDispatcherServlet  : Completed initialization in 4 ms
2026-04-26T17:31:05.124-05:00  INFO 8108 --- [rabbitmq-pubsub] [    Test worker] c.c.r.controller.EmployeeControllerTest  : Started EmployeeControllerTest in 1.392 seconds (process running for 16.126)
2026-04-26T17:31:07.635-05:00  WARN 8108 --- [rabbitmq-pubsub] [    Test worker] .w.s.m.s.DefaultHandlerExceptionResolver : Resolved [org.springframework.web.bind.MethodArgumentNotValidException: Validation failed for argument [0] in public org.springframework.http.ResponseEntity<com.cleancoders.rabbitmqpubsub.dto.Employee> com.cleancoders.rabbitmqpubsub.controller.EmployeeController.createEmployee(com.cleancoders.rabbitmqpubsub.dto.Employee): [Field error in object 'employee' on field 'name': rejected value []; codes [NotBlank.employee.name,NotBlank.name,NotBlank.java.lang.String,NotBlank]; arguments [org.springframework.context.support.DefaultMessageSourceResolvable: codes [employee.name,name]; arguments []; default message [name]]; default message [name must not be blank]] ]
2026-04-26T17:31:07.680-05:00  WARN 8108 --- [rabbitmq-pubsub] [    Test worker] .w.s.m.s.DefaultHandlerExceptionResolver : Resolved [org.springframework.web.bind.MethodArgumentNotValidException: Validation failed for argument [0] in public org.springframework.http.ResponseEntity<com.cleancoders.rabbitmqpubsub.dto.Employee> com.cleancoders.rabbitmqpubsub.controller.EmployeeController.createEmployee(com.cleancoders.rabbitmqpubsub.dto.Employee): [Field error in object 'employee' on field 'email': rejected value [not-an-email]; codes [Email.employee.email,Email.email,Email.java.lang.String,Email]; arguments [org.springframework.context.support.DefaultMessageSourceResolvable: codes [employee.email,email]; arguments []; default message [email],[Ljakarta.validation.constraints.Pattern$Flag;@295cab5d,.*]; default message [email must be a valid address]] ]
]]></system-out>
  <system-err><![CDATA[]]></system-err>
</testsuite>
