<?xml version="1.0" encoding="UTF-8"?>
<testsuite name="com.cleancoders.rabbitmqpubsub.consumer.AuditConsumerTest" tests="2" skipped="0" failures="0" errors="0" timestamp="2026-04-26T22:31:02.331Z" hostname="SANDIP-PC01" time="1.003">
  <properties/>
  <testcase name="handleEmployeeCreated_processesEventWithoutException()" classname="com.cleancoders.rabbitmqpubsub.consumer.AuditConsumerTest" time="0.968"/>
  <testcase name="handleEmployeeCreated_handlesMultipleEventsSequentially()" classname="com.cleancoders.rabbitmqpubsub.consumer.AuditConsumerTest" time="0.023"/>
  <system-out><![CDATA[2026-04-26T17:31:03.123-05:00  INFO 8108 --- [rabbitmq-pubsub] [    Test worker] c.c.r.consumer.AuditConsumer             : [AUDIT] Event received — type='EMPLOYEE_CREATED', eventId='evt-001', employeeId='emp-001', occurredAt='2026-04-26T22:31:02.703265700Z'
2026-04-26T17:31:03.128-05:00 DEBUG 8108 --- [rabbitmq-pubsub] [    Test worker] c.c.r.consumer.AuditConsumer             : [AUDIT] (stub) audit record written: EmployeeCreatedEvent[eventId=evt-001, eventType=EMPLOYEE_CREATED, occurredAt=2026-04-26T22:31:02.703265700Z, employeeId=emp-001, name=Alice Smith, email=alice@example.com, department=Engineering]
2026-04-26T17:31:03.154-05:00  INFO 8108 --- [rabbitmq-pubsub] [    Test worker] c.c.r.consumer.AuditConsumer             : [AUDIT] Audit record written for eventId='evt-001'
2026-04-26T17:31:03.322-05:00  INFO 8108 --- [rabbitmq-pubsub] [    Test worker] c.c.r.consumer.AuditConsumer             : [AUDIT] Event received — type='EMPLOYEE_CREATED', eventId='evt-A', employeeId='emp-A', occurredAt='2026-04-26T22:31:03.319701900Z'
2026-04-26T17:31:03.324-05:00 DEBUG 8108 --- [rabbitmq-pubsub] [    Test worker] c.c.r.consumer.AuditConsumer             : [AUDIT] (stub) audit record written: EmployeeCreatedEvent[eventId=evt-A, eventType=EMPLOYEE_CREATED, occurredAt=2026-04-26T22:31:03.319701900Z, employeeId=emp-A, name=Bob, email=bob@example.com, department=HR]
2026-04-26T17:31:03.325-05:00  INFO 8108 --- [rabbitmq-pubsub] [    Test worker] c.c.r.consumer.AuditConsumer             : [AUDIT] Audit record written for eventId='evt-A'
2026-04-26T17:31:03.329-05:00  INFO 8108 --- [rabbitmq-pubsub] [    Test worker] c.c.r.consumer.AuditConsumer             : [AUDIT] Event received — type='EMPLOYEE_CREATED', eventId='evt-B', employeeId='emp-B', occurredAt='2026-04-26T22:31:03.319701900Z'
2026-04-26T17:31:03.330-05:00 DEBUG 8108 --- [rabbitmq-pubsub] [    Test worker] c.c.r.consumer.AuditConsumer             : [AUDIT] (stub) audit record written: EmployeeCreatedEvent[eventId=evt-B, eventType=EMPLOYEE_CREATED, occurredAt=2026-04-26T22:31:03.319701900Z, employeeId=emp-B, name=Carol, email=carol@example.com, department=Finance]
2026-04-26T17:31:03.331-05:00  INFO 8108 --- [rabbitmq-pubsub] [    Test worker] c.c.r.consumer.AuditConsumer             : [AUDIT] Audit record written for eventId='evt-B'
]]></system-out>
  <system-err><![CDATA[]]></system-err>
</testsuite>
